
  .   ____          _            __ _ _
 /\\ / ___'_ __ _ _(_)_ __  __ _ \ \ \ \
( ( )\___ | '_ | '_| | '_ \/ _` | \ \ \ \
 \\/  ___)| |_)| | | | | || (_| |  ) ) ) )
  '  |____| .__|_| |_|_| |_\__, | / / / /
 =========|_|==============|___/=/_/_/_/

 :: Spring Boot ::                (v3.5.6)

2025-10-02T14:03:35.853+05:30  INFO 23299 --- [dormitory-backend] [           main] c.d.d.DormitoryBackendApplication        : Starting DormitoryBackendApplication v0.0.1-SNAPSHOT using Java 25 with PID 23299 (/Users/vanshsharma/Desktop/dormitory-backend/target/dormitory-backend-0.0.1-SNAPSHOT.jar started by vanshsharma in /Users/vanshsharma/Desktop/Dormitory)
2025-10-02T14:03:35.854+05:30  INFO 23299 --- [dormitory-backend] [           main] c.d.d.DormitoryBackendApplication        : No active profile set, falling back to 1 default profile: "default"
2025-10-02T14:03:36.111+05:30  INFO 23299 --- [dormitory-backend] [           main] .s.d.r.c.RepositoryConfigurationDelegate : Bootstrapping Spring Data JPA repositories in DEFAULT mode.
2025-10-02T14:03:36.121+05:30  INFO 23299 --- [dormitory-backend] [           main] .s.d.r.c.RepositoryConfigurationDelegate : Finished Spring Data repository scanning in 7 ms. Found 0 JPA repository interfaces.
2025-10-02T14:03:36.354+05:30  INFO 23299 --- [dormitory-backend] [           main] o.s.b.w.embedded.tomcat.TomcatWebServer  : Tomcat initialized with port 8080 (http)
2025-10-02T14:03:36.361+05:30  INFO 23299 --- [dormitory-backend] [           main] o.apache.catalina.core.StandardService   : Starting service [Tomcat]
2025-10-02T14:03:36.361+05:30  INFO 23299 --- [dormitory-backend] [           main] o.apache.catalina.core.StandardEngine    : Starting Servlet engine: [Apache Tomcat/10.1.46]
2025-10-02T14:03:36.372+05:30  INFO 23299 --- [dormitory-backend] [           main] o.a.c.c.C.[Tomcat].[localhost].[/]       : Initializing Spring embedded WebApplicationContext
2025-10-02T14:03:36.372+05:30  INFO 23299 --- [dormitory-backend] [           main] w.s.c.ServletWebServerApplicationContext : Root WebApplicationContext: initialization completed in 497 ms
2025-10-02T14:03:36.440+05:30  INFO 23299 --- [dormitory-backend] [           main] com.zaxxer.hikari.HikariDataSource       : HikariPool-1 - Starting...
2025-10-02T14:03:36.519+05:30  INFO 23299 --- [dormitory-backend] [           main] com.zaxxer.hikari.pool.HikariPool        : HikariPool-1 - Added connection conn0: url=jdbc:h2:mem:ad6d5a80-1ff7-4cb8-9994-ef305ca4dd90 user=SA
2025-10-02T14:03:36.520+05:30  INFO 23299 --- [dormitory-backend] [           main] com.zaxxer.hikari.HikariDataSource       : HikariPool-1 - Start completed.
2025-10-02T14:03:36.538+05:30  INFO 23299 --- [dormitory-backend] [           main] o.hibernate.jpa.internal.util.LogHelper  : HHH000204: Processing PersistenceUnitInfo [name: default]
2025-10-02T14:03:36.556+05:30  INFO 23299 --- [dormitory-backend] [           main] org.hibernate.Version                    : HHH000412: Hibernate ORM core version 6.6.29.Final
2025-10-02T14:03:36.574+05:30  INFO 23299 --- [dormitory-backend] [           main] o.h.c.internal.RegionFactoryInitiator    : HHH000026: Second-level cache disabled
2025-10-02T14:03:36.668+05:30  INFO 23299 --- [dormitory-backend] [           main] o.s.o.j.p.SpringPersistenceUnitInfo      : No LoadTimeWeaver setup: ignoring JPA class transformer
2025-10-02T14:03:36.694+05:30  INFO 23299 --- [dormitory-backend] [           main] org.hibernate.orm.connections.pooling    : HHH10001005: Database info:
	Database JDBC URL [Connecting through datasource 'HikariDataSource (HikariPool-1)']
	Database driver: undefined/unknown
	Database version: 2.3.232
	Autocommit mode: undefined/unknown
	Isolation level: undefined/unknown
	Minimum pool size: undefined/unknown
	Maximum pool size: undefined/unknown
2025-10-02T14:03:36.799+05:30  INFO 23299 --- [dormitory-backend] [           main] o.h.e.t.j.p.i.JtaPlatformInitiator       : HHH000489: No JTA platform available (set 'hibernate.transaction.jta.platform' to enable JTA platform integration)
2025-10-02T14:03:36.800+05:30  INFO 23299 --- [dormitory-backend] [           main] j.LocalContainerEntityManagerFactoryBean : Initialized JPA EntityManagerFactory for persistence unit 'default'
2025-10-02T14:03:36.820+05:30  INFO 23299 --- [dormitory-backend] [           main] r$InitializeUserDetailsManagerConfigurer : Global AuthenticationManager configured with UserDetailsService bean with name customUserDetailsService
2025-10-02T14:03:36.832+05:30  WARN 23299 --- [dormitory-backend] [           main] JpaBaseConfiguration$JpaWebConfiguration : spring.jpa.open-in-view is enabled by default. Therefore, database queries may be performed during view rendering. Explicitly configure spring.jpa.open-in-view to disable this warning
2025-10-02T14:03:37.060+05:30  INFO 23299 --- [dormitory-backend] [           main] o.s.b.w.embedded.tomcat.TomcatWebServer  : Tomcat started on port 8080 (http) with context path '/'
2025-10-02T14:03:37.067+05:30  INFO 23299 --- [dormitory-backend] [           main] c.d.d.DormitoryBackendApplication        : Started DormitoryBackendApplication in 1.362 seconds (process running for 1.538)
2025-10-02T14:03:45.437+05:30  INFO 23299 --- [dormitory-backend] [nio-8080-exec-1] o.a.c.c.C.[Tomcat].[localhost].[/]       : Initializing Spring DispatcherServlet 'dispatcherServlet'
2025-10-02T14:03:45.437+05:30  INFO 23299 --- [dormitory-backend] [nio-8080-exec-1] o.s.web.servlet.DispatcherServlet        : Initializing Servlet 'dispatcherServlet'
2025-10-02T14:03:45.438+05:30  INFO 23299 --- [dormitory-backend] [nio-8080-exec-1] o.s.web.servlet.DispatcherServlet        : Completed initialization in 1 ms
2025-10-02T14:03:45.471+05:30 ERROR 23299 --- [dormitory-backend] [nio-8080-exec-1] c.d.d.s.JwtAuthenticationEntryPoint      : Responding with unauthorized error. Message - Full authentication is required to access this resource
