
  .   ____          _            __ _ _
 /\\ / ___'_ __ _ _(_)_ __  __ _ \ \ \ \
( ( )\___ | '_ | '_| | '_ \/ _` | \ \ \ \
 \\/  ___)| |_)| | | | | || (_| |  ) ) ) )
  '  |____| .__|_| |_|_| |_\__, | / / / /
 =========|_|==============|___/=/_/_/_/
 :: Spring Boot ::                (v3.2.0)

2025-10-02T15:25:19.847+05:30  INFO 38679 --- [           main] com.dormitory.DormitoryApplication       : Starting DormitoryApplication v1.0.0 using Java 25 with PID 38679 (/Users/vanshsharma/Desktop/Dormitory/backend-springboot/target/dormitory-backend-1.0.0.jar started by vanshsharma in /Users/vanshsharma/Desktop/Dormitory/backend-springboot)
2025-10-02T15:25:19.849+05:30 DEBUG 38679 --- [           main] com.dormitory.DormitoryApplication       : Running with Spring Boot v3.2.0, Spring v6.1.1
2025-10-02T15:25:19.849+05:30  INFO 38679 --- [           main] com.dormitory.DormitoryApplication       : No active profile set, falling back to 1 default profile: "default"
2025-10-02T15:25:20.100+05:30  INFO 38679 --- [           main] .s.d.r.c.RepositoryConfigurationDelegate : Bootstrapping Spring Data JPA repositories in DEFAULT mode.
2025-10-02T15:25:20.117+05:30  INFO 38679 --- [           main] .s.d.r.c.RepositoryConfigurationDelegate : Finished Spring Data repository scanning in 14 ms. Found 1 JPA repository interface.
WARNING: A restricted method in java.lang.System has been called
WARNING: java.lang.System::load has been called by org.apache.tomcat.jni.Library in an unnamed module (jar:nested:/Users/vanshsharma/Desktop/Dormitory/backend-springboot/target/dormitory-backend-1.0.0.jar/!BOOT-INF/lib/tomcat-embed-core-10.1.16.jar!/)
WARNING: Use --enable-native-access=ALL-UNNAMED to avoid a warning for callers in this module
WARNING: Restricted methods will be blocked in a future release unless native access is enabled

2025-10-02T15:25:20.303+05:30  INFO 38679 --- [           main] o.s.b.w.embedded.tomcat.TomcatWebServer  : Tomcat initialized with port 8080 (http)
2025-10-02T15:25:20.306+05:30  INFO 38679 --- [           main] o.apache.catalina.core.StandardService   : Starting service [Tomcat]
2025-10-02T15:25:20.306+05:30  INFO 38679 --- [           main] o.apache.catalina.core.StandardEngine    : Starting Servlet engine: [Apache Tomcat/10.1.16]
2025-10-02T15:25:20.317+05:30  INFO 38679 --- [           main] o.a.c.c.C.[Tomcat].[localhost].[/]       : Initializing Spring embedded WebApplicationContext
2025-10-02T15:25:20.318+05:30  INFO 38679 --- [           main] w.s.c.ServletWebServerApplicationContext : Root WebApplicationContext: initialization completed in 435 ms
2025-10-02T15:25:20.328+05:30  INFO 38679 --- [           main] com.zaxxer.hikari.HikariDataSource       : HikariPool-1 - Starting...
2025-10-02T15:25:20.401+05:30  INFO 38679 --- [           main] com.zaxxer.hikari.pool.HikariPool        : HikariPool-1 - Added connection conn0: url=jdbc:h2:mem:dormitory user=ADMIN
2025-10-02T15:25:20.401+05:30  INFO 38679 --- [           main] com.zaxxer.hikari.HikariDataSource       : HikariPool-1 - Start completed.
2025-10-02T15:25:20.406+05:30  INFO 38679 --- [           main] o.s.b.a.h2.H2ConsoleAutoConfiguration    : H2 console available at '/h2-console'. Database available at 'jdbc:h2:mem:dormitory'
2025-10-02T15:25:20.449+05:30  INFO 38679 --- [           main] o.hibernate.jpa.internal.util.LogHelper  : HHH000204: Processing PersistenceUnitInfo [name: default]
2025-10-02T15:25:20.469+05:30  INFO 38679 --- [           main] org.hibernate.Version                    : HHH000412: Hibernate ORM core version 6.3.1.Final
2025-10-02T15:25:20.481+05:30  INFO 38679 --- [           main] o.h.c.internal.RegionFactoryInitiator    : HHH000026: Second-level cache disabled
2025-10-02T15:25:20.564+05:30  INFO 38679 --- [           main] o.s.o.j.p.SpringPersistenceUnitInfo      : No LoadTimeWeaver setup: ignoring JPA class transformer
2025-10-02T15:25:20.581+05:30  WARN 38679 --- [           main] org.hibernate.orm.deprecation            : HHH90000025: H2Dialect does not need to be specified explicitly using 'hibernate.dialect' (remove the property setting and it will be selected by default)
2025-10-02T15:25:20.843+05:30  INFO 38679 --- [           main] o.h.e.t.j.p.i.JtaPlatformInitiator       : HHH000489: No JTA platform available (set 'hibernate.transaction.jta.platform' to enable JTA platform integration)
Hibernate: create table users (id bigint generated by default as identity, enabled boolean not null, password varchar(255) not null, role varchar(255) not null, username varchar(255) not null, primary key (id))
Hibernate: alter table if exists users drop constraint if exists UK_r43af9ap4edm43mmtq01oddj6
Hibernate: alter table if exists users add constraint UK_r43af9ap4edm43mmtq01oddj6 unique (username)
2025-10-02T15:25:20.864+05:30  INFO 38679 --- [           main] j.LocalContainerEntityManagerFactoryBean : Initialized JPA EntityManagerFactory for persistence unit 'default'
2025-10-02T15:25:21.001+05:30  WARN 38679 --- [           main] JpaBaseConfiguration$JpaWebConfiguration : spring.jpa.open-in-view is enabled by default. Therefore, database queries may be performed during view rendering. Explicitly configure spring.jpa.open-in-view to disable this warning
2025-10-02T15:25:21.007+05:30  WARN 38679 --- [           main] .s.s.UserDetailsServiceAutoConfiguration : 

Using generated security password: 4194d986-c803-4a57-b29a-529a418d7d9f

This generated password is for development use only. Your security configuration must be updated before running your application in production.

2025-10-02T15:25:21.095+05:30  INFO 38679 --- [           main] o.s.s.web.DefaultSecurityFilterChain     : Will secure any request with [org.springframework.security.web.session.DisableEncodeUrlFilter@7c0035dd, org.springframework.security.web.context.request.async.WebAsyncManagerIntegrationFilter@5089a72b, org.springframework.security.web.context.SecurityContextHolderFilter@18c26588, org.springframework.security.web.header.HeaderWriterFilter@52a3eef8, org.springframework.web.filter.CorsFilter@1164990a, org.springframework.security.web.authentication.logout.LogoutFilter@1b901f7b, org.springframework.security.web.savedrequest.RequestCacheAwareFilter@54eb2bf6, org.springframework.security.web.servletapi.SecurityContextHolderAwareRequestFilter@6d01f2e5, org.springframework.security.web.authentication.AnonymousAuthenticationFilter@549404e7, org.springframework.security.web.session.SessionManagementFilter@bae5e58, org.springframework.security.web.access.ExceptionTranslationFilter@65f96d58, org.springframework.security.web.access.intercept.AuthorizationFilter@36e358de]
2025-10-02T15:25:21.165+05:30  INFO 38679 --- [           main] o.s.b.w.embedded.tomcat.TomcatWebServer  : Tomcat started on port 8080 (http) with context path ''
2025-10-02T15:25:21.172+05:30  INFO 38679 --- [           main] com.dormitory.DormitoryApplication       : Started DormitoryApplication in 1.472 seconds (process running for 1.652)
Hibernate: select u1_0.id from users u1_0 where u1_0.username=? fetch first ? rows only
Hibernate: insert into users (enabled,password,role,username,id) values (?,?,?,?,default)
Default admin user created - Username: admin, Password: admin123
Hibernate: select u1_0.id from users u1_0 where u1_0.username=? fetch first ? rows only
Hibernate: insert into users (enabled,password,role,username,id) values (?,?,?,?,default)
Test user created - Username: testuser, Password: test123
2025-10-02T15:25:29.309+05:30  INFO 38679 --- [nio-8080-exec-1] o.a.c.c.C.[Tomcat].[localhost].[/]       : Initializing Spring DispatcherServlet 'dispatcherServlet'
2025-10-02T15:25:29.309+05:30  INFO 38679 --- [nio-8080-exec-1] o.s.web.servlet.DispatcherServlet        : Initializing Servlet 'dispatcherServlet'
2025-10-02T15:25:29.310+05:30  INFO 38679 --- [nio-8080-exec-1] o.s.web.servlet.DispatcherServlet        : Completed initialization in 1 ms
2025-10-02T15:25:29.313+05:30 DEBUG 38679 --- [nio-8080-exec-1] o.s.security.web.FilterChainProxy        : Securing GET /api/contact/test
2025-10-02T15:25:29.316+05:30 DEBUG 38679 --- [nio-8080-exec-1] o.s.s.w.a.AnonymousAuthenticationFilter  : Set SecurityContextHolder to anonymous SecurityContext
2025-10-02T15:25:29.316+05:30  WARN 38679 --- [nio-8080-exec-1] o.s.w.s.h.HandlerMappingIntrospector     : Cache miss for REQUEST dispatch to '/api/contact/test' (previous null). Performing MatchableHandlerMapping lookup. This is logged once only at WARN level, and every time at TRACE.
2025-10-02T15:25:29.319+05:30 DEBUG 38679 --- [nio-8080-exec-1] o.s.security.web.FilterChainProxy        : Secured GET /api/contact/test
